<?xml version="1.0" encoding="UTF-8"?>
<testng-results ignored="0" total="2" passed="2" failed="0" skipped="0">
  <reporter-output>
  </reporter-output>
  <suite started-at="2022-10-03T12:14:09 IST" name="TestSuite" finished-at="2022-10-03T12:15:04 IST" duration-ms="54357">
    <groups>
    </groups>
    <test started-at="2022-10-03T12:14:09 IST" name="Test2" finished-at="2022-10-03T12:14:51 IST" duration-ms="41734">
      <class name="Assignments.Assignments.RadiusSelectTest">
        <test-method signature="f()[pri:0, instance:Assignments.Assignments.RadiusSelectTest@57adfab0]" started-at="2022-10-03T12:14:10 IST" name="f" finished-at="2022-10-03T12:14:51 IST" duration-ms="41589" status="PASS">
          <reporter-output>
          </reporter-output>
        </test-method> <!-- f -->
      </class> <!-- Assignments.Assignments.RadiusSelectTest -->
    </test> <!-- Test2 -->
    <test started-at="2022-10-03T12:14:09 IST" name="Test" finished-at="2022-10-03T12:15:04 IST" duration-ms="54357">
      <class name="Assignments.Assignments.Drop">
        <test-method signature="f()[pri:0, instance:Assignments.Assignments.Drop@1bbae752]" started-at="2022-10-03T12:14:10 IST" name="f" finished-at="2022-10-03T12:15:04 IST" duration-ms="54240" status="PASS">
          <reporter-output>
          </reporter-output>
        </test-method> <!-- f -->
      </class> <!-- Assignments.Assignments.Drop -->
    </test> <!-- Test -->
  </suite> <!-- TestSuite -->
</testng-results>
